<?xml version="1.0" encoding="UTF-8"?>
<testsuite name="HelloTest" tests="1" skipped="0" failures="0" errors="0" timestamp="2023-03-19T01:42:12" hostname="USC-W-9BQYVL3" time="0.019">
  <properties/>
  <testcase name="testSayHello()" classname="HelloTest" time="0.019"/>
  <system-out><![CDATA[Hello world!
Holo!!
Hello world!
Hello !!
]]></system-out>
  <system-err><![CDATA[]]></system-err>
</testsuite>
